2023/03/30 10:37:54 - fetching: https://www.vilaveroni.com/ ... Ok.
2023/03/30 10:37:55 - fetching: https://www.vilaveroni.com/robots.txt ... Ok.
2023/03/30 10:37:55 - fetching: https://www.vilaveroni.com/ ... Ok.
2023/03/30 10:37:55 - fetching: https://www.vilaveroni.com/quizz-vilaveroni ... Ok.
2023/03/30 10:37:55 - fetching: https://www.vilaveroni.com/aperitivo ... Ok.
2023/03/30 10:37:55 - fetching: https://www.vilaveroni.com/esprit-italie ... Ok.
2023/03/30 10:37:55 - fetching: https://www.vilaveroni.com/social ... Ok.
2023/03/30 10:37:56 - fetching: https://www.vilaveroni.com/experience-vilaveroni ... Ok.
2023/03/30 10:37:56 - fetching: https://www.vilaveroni.com/experience-vilaveroni/voyage-en-venetie ... Ok.
2023/03/30 10:37:56 - fetching: https://www.vilaveroni.com/experience-vilaveroni/vins-effervescents-italiens-et-cuisine-francaise ... Ok.
2023/03/30 10:37:56 - fetching: https://www.vilaveroni.com/ou-acheter ... Ok.
2023/03/30 10:37:56 - fetching: https://www.vilaveroni.com/contact ... Ok.
2023/03/30 10:37:56 - fetching: https://www.vilaveroni.com/quizz ... Ok.
2023/03/30 10:37:56 - fetching: https://www.vilaveroni.com/les-vins-vilaveroni ... Ok.
2023/03/30 10:37:56 - fetching: https://www.vilaveroni.com/esprit-italie/les-plus-beaux-thermes-italie ... Ok.
2023/03/30 10:37:57 - fetching: https://www.vilaveroni.com/esprit-italie/les-pizzas-italiennes-avec-vilaveroni ... Ok.
2023/03/30 10:37:57 - fetching: https://www.vilaveroni.com/esprit-italie/epiphanie-italienne-la-befana ... Ok.
2023/03/30 10:37:57 - fetching: https://www.vilaveroni.com/esprit-italie/effervescence-prosecco-repas-fin-annee ... Ok.
2023/03/30 10:37:58 - fetching: https://www.vilaveroni.com/esprit-italie/culture-italienne-et-moscato ... Ok.
2023/03/30 10:37:58 - fetching: https://www.vilaveroni.com/esprit-italie/preparer-un-repas-venitien ... Ok.
2023/03/30 10:37:58 - fetching: https://www.vilaveroni.com/esprit-italie/aperitivo-parfait-autour-du-spritz ... Ok.
2023/03/30 10:37:59 - fetching: https://www.vilaveroni.com/esprit-italie/histoire-du-spritz ... Ok.
2023/03/30 10:37:59 - fetching: https://www.vilaveroni.com/esprit-italie/aperitif-aperitivo-jeu-6-differences ... Ok.
2023/03/30 10:37:59 - fetching: https://www.vilaveroni.com/esprit-italie/20-mots-expressions-italiennes ... Ok.
2023/03/30 10:37:59 - fetching: https://www.vilaveroni.com/esprit-italie/culture-aperitivo-carnaval-de-venise ... Ok.
2023/03/30 10:37:59 - fetching: https://www.vilaveroni.com/esprit-italie/histoire-et-origine-aperitivo ... Ok.
2023/03/30 10:38:00 - fetching: https://www.vilaveroni.com/esprit-italie/histoire-et-origine-du-prosecco ... Ok.
2023/03/30 10:38:00 - building: www.vilaveroni.com sitemap in /Users/i011948/localhost/vilaveroni.com 
2023/03/30 10:38:00 - pinging: https://www.google.com/webmasters/sitemaps/ping?sitemap=https://www.vilaveroni.com/sitemap.xml ... Ok.
